-----------------------
This job is allocated on cpus on hosts:
wn273.scope.unina.it
wn274.scope.unina.it
wn275.scope.unina.it
wn276.scope.unina.it
wn277.scope.unina.it
wn278.scope.unina.it
wn279.scope.unina.it
wn280.scope.unina.it
---------------------
PBS: qsub is running on ui-studenti.scope.unina.it
PBS: originating queue is studenti
PBS: executing queue is studenti
PBS: working directory is /homes/DMA/PDC/2024/CNCFBA98U/mat-mat-product
PBS: execution mode is PBS_BATCH
PBS: job identifier is 4021162.torque02.scope.unina.it
PBS: job name is MatxMat_4_procs.pbs
PBS: node file is /var/spool/pbs/aux//4021162.torque02.scope.unina.it
PBS: current home directory is /homes/DMA/PDC/2024/CNCFBA98U
PBS: PATH = /usr/lib64/openmpi/1.2.7-gcc/bin:/usr/kerberos/bin:/opt/exp_soft/unina.it/intel/composer_xe_2013_sp1.3.174/bin/intel64:/opt/exp_soft/unina.it/intel/composer_xe_2013_sp1.3.174/mpirt/bin/intel64:/opt/exp_soft/unina.it/intel/composer_xe_2013_sp1.3.174/bin/intel64:/opt/exp_soft/unina.it/intel/composer_xe_2013_sp1.3.174/bin/intel64_mic:/opt/exp_soft/unina.it/intel/composer_xe_2013_sp1.3.174/debugger/gui/intel64:/opt/d-cache/srm/bin:/opt/d-cache/dcap/bin:/opt/edg/bin:/opt/glite/bin:/opt/globus/bin:/opt/lcg/bin:/usr/local/bin:/bin:/usr/bin:/opt/exp_soft/HADOOP/hadoop-1.0.3/bin:/opt/exp_soft/unina.it/intel/composerxe/bin/intel64/:/opt/exp_soft/unina.it/MPJExpress/mpj-v0_38/bin:/homes/DMA/PDC/2024/CNCFBA98U/bin
-----------------------------------
4, 720, 0.9542479515, 0.9542327523
4, 1008, 2.6211109161, 2.6203906536
4, 1440, 7.6304569244, 7.6290170550
4, 1728, 13.2416582108, 13.2328855395
4, 2160, 26.2086858749, 26.1941807866
